[22:11:32] [main/INFO]: Setting user: ForgeDevName
[22:11:34] [Client thread/INFO]: LWJGL Version: 2.9.1
[22:11:40] [Client thread/INFO]: Reloading ResourceManager: Default, FMLFileResourcePack:Forge Mod Loader, FMLFileResourcePack:Minecraft Forge, FMLFileResourcePack:Steamcraft-ReBooted
[22:11:40] [Sound Library Loader/INFO]: Sound engine started
[22:11:43] [Client thread/INFO]: Created: 512x256 textures/blocks-atlas
[22:11:43] [Client thread/INFO]: Created: 256x256 textures/items-atlas
[22:11:43] [Client thread/INFO]: Reloading ResourceManager: Default, FMLFileResourcePack:Forge Mod Loader, FMLFileResourcePack:Minecraft Forge, FMLFileResourcePack:Steamcraft-ReBooted
[22:11:43] [Client thread/INFO]: Created: 256x256 textures/items-atlas
[22:11:43] [Client thread/INFO]: Created: 512x256 textures/blocks-atlas
[22:11:44] [Sound Library Loader/INFO]: Sound engine started
[22:11:53] [Client thread/INFO]: Deleting level New World
[22:11:53] [Client thread/INFO]: Attempt 1...
[22:11:56] [Server thread/INFO]: Starting integrated minecraft server version 1.7.10
[22:11:56] [Server thread/INFO]: Generating keypair
[22:11:56] [Server thread/INFO]: Converting map!
[22:11:56] [Server thread/INFO]: Scanning folders...
[22:11:56] [Server thread/INFO]: Total conversion count is 0
[22:11:57] [Server thread/INFO]: Preparing start region for level 0
[22:11:58] [Server thread/INFO]: Preparing spawn area: 10%
[22:11:59] [Server thread/INFO]: Preparing spawn area: 29%
[22:12:00] [Server thread/INFO]: Preparing spawn area: 49%
[22:12:01] [Server thread/INFO]: Preparing spawn area: 70%
[22:12:02] [Server thread/INFO]: Preparing spawn area: 93%
[22:12:02] [Server thread/INFO]: Changing view distance to 12, from 10
[22:12:03] [Server thread/INFO]: ForgeDevName[local:E:2afaab65] logged in with entity id 92 at (253.5, 73.0, 247.5)
[22:12:03] [Server thread/INFO]: ForgeDevName joined the game
[22:12:08] [Server thread/INFO]: ForgeDevName has just earned the achievement [Taking Inventory]
[22:12:08] [Client thread/INFO]: [CHAT] ForgeDevName has just earned the achievement [Taking Inventory]
[22:12:21] [Server thread/INFO]: Saving and pausing game...
[22:12:21] [Server thread/INFO]: Saving chunks for level 'New World'/Overworld
[22:12:22] [Server thread/INFO]: Saving chunks for level 'New World'/Nether
[22:12:22] [Server thread/INFO]: Saving chunks for level 'New World'/The End
[22:12:22] [Server thread/INFO]: Stopping server
[22:12:22] [Server thread/INFO]: Saving players
[22:12:22] [Server thread/INFO]: Saving worlds
[22:12:22] [Server thread/INFO]: Saving chunks for level 'New World'/Overworld
[22:12:22] [Server thread/INFO]: Saving chunks for level 'New World'/Nether
[22:12:22] [Server thread/INFO]: Saving chunks for level 'New World'/The End
[22:12:27] [Client thread/INFO]: Deleting level New World
[22:12:27] [Client thread/INFO]: Attempt 1...
[22:13:13] [Server thread/INFO]: Starting integrated minecraft server version 1.7.10
[22:13:13] [Server thread/INFO]: Generating keypair
[22:13:14] [Server thread/INFO]: Converting map!
[22:13:14] [Server thread/INFO]: Scanning folders...
[22:13:14] [Server thread/INFO]: Total conversion count is 0
[22:13:14] [Server thread/WARN]: Unable to find spawn biome
[22:13:14] [Server thread/INFO]: Preparing start region for level 0
[22:13:15] [Server thread/INFO]: Changing view distance to 12, from 10
[22:13:15] [Server thread/INFO]: ForgeDevName[local:E:d6ba8b0d] logged in with entity id 4146 at (898.5, 56.0, -441.5)
[22:13:15] [Server thread/INFO]: ForgeDevName joined the game
[22:13:17] [Server thread/INFO]: ForgeDevName has just earned the achievement [Taking Inventory]
[22:13:17] [Client thread/INFO]: [CHAT] ForgeDevName has just earned the achievement [Taking Inventory]
[22:13:19] [Client thread/INFO]: [CHAT] /gamemode, /give, /gamerule
[22:13:21] [Server thread/INFO]: [ForgeDevName: Set own game mode to Creative Mode]
[22:13:21] [Client thread/INFO]: [CHAT] Your game mode has been updated
[22:13:37] [Server thread/INFO]: Saving and pausing game...
[22:13:37] [Server thread/INFO]: Saving chunks for level 'Item & Block Tests'/Overworld
[22:13:37] [Server thread/INFO]: Saving chunks for level 'Item & Block Tests'/Nether
[22:13:37] [Server thread/INFO]: Saving chunks for level 'Item & Block Tests'/The End
[22:14:24] [Client thread/INFO]: [CHAT] /gamemode, /give, /gamerule
[22:14:26] [Server thread/INFO]: [ForgeDevName: Set own game mode to Survival Mode]
[22:14:26] [Client thread/INFO]: [CHAT] Your game mode has been updated
[22:15:07] [Server thread/INFO]: Saving and pausing game...
[22:15:07] [Server thread/INFO]: Saving chunks for level 'Item & Block Tests'/Overworld
[22:15:07] [Server thread/INFO]: Saving chunks for level 'Item & Block Tests'/Nether
[22:15:07] [Server thread/INFO]: Saving chunks for level 'Item & Block Tests'/The End
[22:15:09] [Server thread/INFO]: Stopping server
[22:15:09] [Server thread/INFO]: Saving players
[22:15:09] [Server thread/INFO]: Saving worlds
[22:15:09] [Server thread/INFO]: Saving chunks for level 'Item & Block Tests'/Overworld
[22:15:09] [Server thread/INFO]: Saving chunks for level 'Item & Block Tests'/Nether
[22:15:09] [Server thread/INFO]: Saving chunks for level 'Item & Block Tests'/The End
[22:15:16] [Server thread/INFO]: Starting integrated minecraft server version 1.7.10
[22:15:16] [Server thread/INFO]: Generating keypair
[22:15:16] [Server thread/INFO]: Preparing start region for level 0
[22:15:16] [Server thread/INFO]: Changing view distance to 12, from 10
[22:15:16] [Server thread/INFO]: ForgeDevName[local:E:734bcb4c] logged in with entity id 96851 at (917.3648722274229, 56.0, -452.2214325202218)
[22:15:16] [Server thread/INFO]: ForgeDevName joined the game
[22:15:19] [Client thread/INFO]: [CHAT] /gamemode, /give, /gamerule
[22:15:20] [Server thread/INFO]: [ForgeDevName: Set own game mode to Creative Mode]
[22:15:20] [Client thread/INFO]: [CHAT] Your game mode has been updated
[22:15:25] [Server thread/INFO]: Saving and pausing game...
[22:15:25] [Server thread/INFO]: Saving chunks for level 'Item & Block Tests'/Overworld
[22:15:25] [Server thread/INFO]: Saving chunks for level 'Item & Block Tests'/Nether
[22:15:25] [Server thread/INFO]: Saving chunks for level 'Item & Block Tests'/The End
[22:15:26] [Server thread/INFO]: Stopping server
[22:15:26] [Server thread/INFO]: Saving players
[22:15:26] [Server thread/INFO]: Saving worlds
[22:15:26] [Server thread/INFO]: Saving chunks for level 'Item & Block Tests'/Overworld
[22:15:26] [Server thread/INFO]: Saving chunks for level 'Item & Block Tests'/Nether
[22:15:26] [Server thread/INFO]: Saving chunks for level 'Item & Block Tests'/The End
[22:15:28] [Client thread/INFO]: Stopping!
